<?xml version="1.0" encoding="UTF-8"?>
<robot generator="Robot 7.0.1 (Python 3.12.1 on win32)" generated="2025-08-22T11:05:26.338349" rpa="false" schemaversion="5">
<suite id="s1" name="Connection" source="C:\Users\Arshad\PycharmProjects\EndtoEnd\Test\Connection.robot">
<test id="s1-t1" name="Valid Login" line="11">
<kw name="Open Browser To Login Page" owner="Keywords" type="SETUP">
<kw name="Open Browser" owner="SeleniumLibrary">
<msg time="2025-08-22T11:05:27.153644" level="INFO">Opening browser 'chrome' to base url 'https://actualized.ai/companies'.</msg>
<arg>${LOGIN_URL}</arg>
<arg>chrome</arg>
<doc>Opens a new browser instance to the optional ``url``.</doc>
<status status="PASS" start="2025-08-22T11:05:27.153644" elapsed="7.241822"/>
</kw>
<kw name="Maximize Browser Window" owner="SeleniumLibrary">
<doc>Maximizes current browser window.</doc>
<status status="PASS" start="2025-08-22T11:05:34.395466" elapsed="0.379049"/>
</kw>
<kw name="Click Element" owner="SeleniumLibrary">
<msg time="2025-08-22T11:05:34.774515" level="INFO">Clicking element 'xpath://button[normalize-space()='Login']'.</msg>
<arg>xpath://button[normalize-space()='Login']</arg>
<doc>Click the element identified by ``locator``.</doc>
<status status="PASS" start="2025-08-22T11:05:34.774515" elapsed="0.655775"/>
</kw>
<status status="PASS" start="2025-08-22T11:05:27.153644" elapsed="8.276646"/>
</kw>
<kw name="Set Selenium Speed" owner="SeleniumLibrary">
<arg>2s</arg>
<doc>Sets the delay that is waited after each Selenium command.</doc>
<status status="PASS" start="2025-08-22T11:05:35.430290" elapsed="0.000000"/>
</kw>
<kw name="Input Username" owner="Keywords">
<kw name="Input Text" owner="SeleniumLibrary">
<msg time="2025-08-22T11:05:35.430290" level="INFO">Typing text 'arshad.pkl@terralogic.com' into text field 'xpath://input[@id='email']'.</msg>
<msg time="2025-08-22T11:05:39.913668" level="INFO" html="true">&lt;/td&gt;&lt;/tr&gt;&lt;tr&gt;&lt;td colspan="3"&gt;&lt;a href="selenium-screenshot-16.png"&gt;&lt;img src="selenium-screenshot-16.png" width="800px"&gt;&lt;/a&gt;</msg>
<msg time="2025-08-22T11:05:39.913668" level="FAIL">Element with locator 'xpath://input[@id='email']' not found.</msg>
<arg>xpath://input[@id='email']</arg>
<arg>${username}</arg>
<doc>Types the given ``text`` into the text field identified by ``locator``.</doc>
<status status="FAIL" start="2025-08-22T11:05:35.430290" elapsed="4.485716">Element with locator 'xpath://input[@id='email']' not found.</status>
</kw>
<arg>${username}</arg>
<status status="FAIL" start="2025-08-22T11:05:35.430290" elapsed="4.485716">Element with locator 'xpath://input[@id='email']' not found.</status>
</kw>
<kw name="Input Pass" owner="Keywords">
<arg>${password}</arg>
<status status="NOT RUN" start="2025-08-22T11:05:39.916006" elapsed="0.000000"/>
</kw>
<kw name="Submit Login" owner="Keywords">
<status status="NOT RUN" start="2025-08-22T11:05:39.916006" elapsed="0.000000"/>
</kw>
<kw name="Close Browser" owner="SeleniumLibrary" type="TEARDOWN">
<doc>Closes the current browser.</doc>
<status status="PASS" start="2025-08-22T11:05:39.916006" elapsed="4.394559"/>
</kw>
<status status="FAIL" start="2025-08-22T11:05:27.151819" elapsed="17.158746">Element with locator 'xpath://input[@id='email']' not found.</status>
</test>
<doc>Login test cases</doc>
<status status="FAIL" start="2025-08-22T11:05:26.345264" elapsed="17.966828"/>
</suite>
<statistics>
<total>
<stat pass="0" fail="1" skip="0">All Tests</stat>
</total>
<tag>
</tag>
<suite>
<stat pass="0" fail="1" skip="0" id="s1" name="Connection">Connection</stat>
</suite>
</statistics>
<errors>
</errors>
</robot>
